<?xml version="1.0" encoding="UTF-8"?>
<!-- Generated by org.testng.reporters.JUnitXMLReporter -->
<testsuite hostname="DESKTOP-7UKIVJ7" name="Default test" tests="4" failures="0" timestamp="27 Feb 2019 03:45:23 GMT" time="0.038" errors="0">
  <testcase name="div" time="0.012" classname="ecommerceTest.DemoTest"/>
  <testcase name="mult" time="0.001" classname="ecommerceTest.DemoTest"/>
  <testcase name="sub" time="0.001" classname="ecommerceTest.DemoTest"/>
  <testcase name="sum" time="0.001" classname="ecommerceTest.DemoTest"/>
</testsuite> <!-- Default test -->
