<?xml version="1.0" encoding="UTF-8"?>
<testng-results skipped="0" failed="0" ignored="0" total="4" passed="4">
  <reporter-output>
  </reporter-output>
  <suite name="ecommerceTest.DemoTest" duration-ms="33" started-at="2019-03-01T03:35:00Z" finished-at="2019-03-01T03:35:00Z">
    <groups>
    </groups>
    <test name="Command line test" duration-ms="33" started-at="2019-03-01T03:35:00Z" finished-at="2019-03-01T03:35:00Z">
      <class name="ecommerceTest.DemoTest">
        <test-method status="PASS" signature="div()[pri:0, instance:ecommerceTest.DemoTest@6fadae5d]" name="div" duration-ms="11" started-at="2019-02-28T19:35:00Z" finished-at="2019-02-28T19:35:00Z">
          <reporter-output>
          </reporter-output>
        </test-method> <!-- div -->
        <test-method status="PASS" signature="mult()[pri:0, instance:ecommerceTest.DemoTest@6fadae5d]" name="mult" duration-ms="0" started-at="2019-02-28T19:35:00Z" finished-at="2019-02-28T19:35:00Z">
          <reporter-output>
          </reporter-output>
        </test-method> <!-- mult -->
        <test-method status="PASS" signature="sum()[pri:0, instance:ecommerceTest.DemoTest@6fadae5d]" name="sum" duration-ms="0" started-at="2019-02-28T19:35:00Z" finished-at="2019-02-28T19:35:00Z">
          <reporter-output>
          </reporter-output>
        </test-method> <!-- sum -->
        <test-method status="PASS" signature="sub()[pri:0, instance:ecommerceTest.DemoTest@6fadae5d]" name="sub" duration-ms="0" started-at="2019-02-28T19:35:00Z" finished-at="2019-02-28T19:35:00Z">
          <reporter-output>
          </reporter-output>
        </test-method> <!-- sub -->
      </class> <!-- ecommerceTest.DemoTest -->
    </test> <!-- Command line test -->
  </suite> <!-- ecommerceTest.DemoTest -->
</testng-results>
