<?xml version="1.0" encoding="UTF-8"?>
<testng-results skipped="0" failed="0" total="4" passed="4">
  <reporter-output>
  </reporter-output>
  <suite name="Default suite" duration-ms="38" started-at="2019-02-27T03:45:23Z" finished-at="2019-02-27T03:45:23Z">
    <groups>
    </groups>
    <test name="Default test" duration-ms="38" started-at="2019-02-27T03:45:23Z" finished-at="2019-02-27T03:45:23Z">
      <class name="ecommerceTest.DemoTest">
        <test-method status="PASS" signature="div()[pri:0, instance:ecommerceTest.DemoTest@6cc4c815]" name="div" duration-ms="12" started-at="2019-02-26T19:45:23Z" finished-at="2019-02-26T19:45:23Z">
          <reporter-output>
          </reporter-output>
        </test-method> <!-- div -->
        <test-method status="PASS" signature="mult()[pri:0, instance:ecommerceTest.DemoTest@6cc4c815]" name="mult" duration-ms="1" started-at="2019-02-26T19:45:23Z" finished-at="2019-02-26T19:45:23Z">
          <reporter-output>
          </reporter-output>
        </test-method> <!-- mult -->
        <test-method status="PASS" signature="sub()[pri:0, instance:ecommerceTest.DemoTest@6cc4c815]" name="sub" duration-ms="1" started-at="2019-02-26T19:45:23Z" finished-at="2019-02-26T19:45:23Z">
          <reporter-output>
          </reporter-output>
        </test-method> <!-- sub -->
        <test-method status="PASS" signature="sum()[pri:0, instance:ecommerceTest.DemoTest@6cc4c815]" name="sum" duration-ms="1" started-at="2019-02-26T19:45:23Z" finished-at="2019-02-26T19:45:23Z">
          <reporter-output>
          </reporter-output>
        </test-method> <!-- sum -->
      </class> <!-- ecommerceTest.DemoTest -->
    </test> <!-- Default test -->
  </suite> <!-- Default suite -->
</testng-results>
